May 10, 2025 10:08:02 AM liquibase.changelog
INFO: Reading resource: db/changelog/migrations/db.changelog-202408191938.sql
May 10, 2025 10:08:02 AM liquibase.changelog
INFO: Reading resource: db/changelog/migrations/db.changelog-202408210954.sql
May 10, 2025 10:08:02 AM liquibase.changelog
INFO: Reading resource: db/changelog/migrations/db.changelog-202408211004.sql
May 10, 2025 10:08:02 AM liquibase.changelog
INFO: Reading resource: db/changelog/migrations/db.changelog-202408211005.sql
May 10, 2025 10:08:02 AM liquibase.changelog
INFO: Reading resource: db/changelog/migrations/db.changelog-202408281807.sql
May 10, 2025 10:08:02 AM liquibase.changelog
INFO: Reading from board.databasechangelog
Database is up to date, no changesets to execute
May 10, 2025 10:08:02 AM liquibase.changelog
INFO: Reading from board.databasechangelog

UPDATE SUMMARY
Run:                          0
Previously run:               5
Filtered out:                 0
-------------------------------
Total change sets:            5

May 10, 2025 10:08:02 AM liquibase.util
INFO: UPDATE SUMMARY
May 10, 2025 10:08:02 AM liquibase.util
INFO: Run:                          0
May 10, 2025 10:08:02 AM liquibase.util
INFO: Previously run:               5
May 10, 2025 10:08:02 AM liquibase.util
INFO: Filtered out:                 0
May 10, 2025 10:08:02 AM liquibase.util
INFO: -------------------------------
May 10, 2025 10:08:02 AM liquibase.util
INFO: Total change sets:            5
May 10, 2025 10:08:02 AM liquibase.util
INFO: Update summary generated
May 10, 2025 10:08:02 AM liquibase.lockservice
INFO: Successfully released change log lock
May 10, 2025 10:08:02 AM liquibase.command
INFO: Command execution complete
